0 info it worked if it ends with ok
1 verbose cli [ 'd:\\antfact Programs\\nodejs\\node.exe',
1 verbose cli   'd:\\antfact Programs\\nodejs\\node_modules\\npm\\bin\\npm-cli.js',
1 verbose cli   'run',
1 verbose cli   'dev' ]
2 info using npm@2.14.7
3 info using node@v4.2.2
4 verbose run-script [ 'predev', 'dev', 'postdev' ]
5 info predev oplate@0.0.1
6 info dev oplate@0.0.1
7 verbose unsafe-perm in lifecycle true
8 info oplate@0.0.1 Failed to exec dev script
9 verbose stack Error: oplate@0.0.1 dev: `node devserver.js`
9 verbose stack Exit status 1
9 verbose stack     at EventEmitter.<anonymous> (d:\antfact Programs\nodejs\node_modules\npm\lib\utils\lifecycle.js:214:16)
9 verbose stack     at emitTwo (events.js:87:13)
9 verbose stack     at EventEmitter.emit (events.js:172:7)
9 verbose stack     at ChildProcess.<anonymous> (d:\antfact Programs\nodejs\node_modules\npm\lib\utils\spawn.js:24:14)
9 verbose stack     at emitTwo (events.js:87:13)
9 verbose stack     at ChildProcess.emit (events.js:172:7)
9 verbose stack     at maybeClose (internal/child_process.js:818:16)
9 verbose stack     at Process.ChildProcess._handle.onexit (internal/child_process.js:211:5)
10 verbose pkgid oplate@0.0.1
11 verbose cwd e:\antrol\oplate-webapp\portal\modules
12 error Windows_NT 10.0.14393
13 error argv "d:\\antfact Programs\\nodejs\\node.exe" "d:\\antfact Programs\\nodejs\\node_modules\\npm\\bin\\npm-cli.js" "run" "dev"
14 error node v4.2.2
15 error npm  v2.14.7
16 error code ELIFECYCLE
17 error oplate@0.0.1 dev: `node devserver.js`
17 error Exit status 1
18 error Failed at the oplate@0.0.1 dev script 'node devserver.js'.
18 error This is most likely a problem with the oplate package,
18 error not with npm itself.
18 error Tell the author that this fails on your system:
18 error     node devserver.js
18 error You can get their info via:
18 error     npm owner ls oplate
18 error There is likely additional logging output above.
19 verbose exit [ 1, true ]
